<?xml version='1.0'?>
<ns2:test-suite xmlns:ns2='urn:model.allure.qatools.yandex.ru' start='1668463991143' stop='1668463993029'>
    <name>Status codes page: User can check status code page 200</name>
    <title>Status codes page: User can check status code page 200</title>
    <test-cases>
        <test-case start='1668463991144' status='passed' stop='1668463991145'>
            <name></name>
            <title></title>
            <labels>
                <label name='language' value='javascript'/>
                <label name='framework' value='wdio'/>
                <label name='thread' value='0-0'/>
            </labels>
            <parameters>
                <parameter kind='argument' name='browser' value='chrome-107.0.5304.110'/>
            </parameters>
            <steps/>
            <attachments/>
        </test-case>
        <test-case start='1668463991145' status='passed' stop='1668463993027'>
            <name>Given I am on the "status_codes" page</name>
            <title>Given I am on the "status_codes" page</title>
            <labels>
                <label name='language' value='javascript'/>
                <label name='framework' value='wdio'/>
                <label name='thread' value='0-0'/>
            </labels>
            <parameters>
                <parameter kind='argument' name='browser' value='chrome-107.0.5304.110'/>
            </parameters>
            <steps>
                <step start='1668463991148' status='passed' stop='1668463993026'>
                    <name>POST /session/:sessionId/url</name>
                    <title>POST /session/:sessionId/url</title>
                    <attachments>
                        <attachment title='Request' source='6aa7c9a6-6e80-4420-8887-782de79d5f79-attachment.json' type='application/json' size='62'/>
                    </attachments>
                    <steps/>
                </step>
            </steps>
            <attachments/>
        </test-case>
        <test-case start='1668463993027' status='broken' stop='1668463993028'>
            <name>When I click on the Status code 200</name>
            <title>When I click on the Status code 200</title>
            <labels>
                <label name='language' value='javascript'/>
                <label name='framework' value='wdio'/>
                <label name='thread' value='0-0'/>
            </labels>
            <parameters>
                <parameter kind='argument' name='browser' value='chrome-107.0.5304.110'/>
            </parameters>
            <steps/>
            <attachments/>
            <failure>
                <message>Step "I click on the Status code 200" is not defined. You can ignore this error by setting cucumberOpts.ignoreUndefinedDefinitions as true.</message>
                <stack-trace>Step "I click on the Status code 200" is not defined. You can ignore this error by setting cucumberOpts.ignoreUndefinedDefinitions as true.
                	at Feature(/Users/tatsianaklimovich/Documents/my-first-cucmber-project/features/status_codes.feature):1:1
                	at Scenario(User can check status code page 200):6:1
                	at Step(I click on the Status code 200):8:5
                </stack-trace>
            </failure>
        </test-case>
        <test-case start='1668463993028' status='broken' stop='1668463993028'>
            <name>Then I see the status code text with 200</name>
            <title>Then I see the status code text with 200</title>
            <labels>
                <label name='language' value='javascript'/>
                <label name='framework' value='wdio'/>
                <label name='thread' value='0-0'/>
            </labels>
            <parameters>
                <parameter kind='argument' name='browser' value='chrome-107.0.5304.110'/>
            </parameters>
            <steps/>
            <attachments/>
            <failure>
                <message>Step "I see the status code text with 200" is not defined. You can ignore this error by setting cucumberOpts.ignoreUndefinedDefinitions as true.</message>
                <stack-trace>Step "I see the status code text with 200" is not defined. You can ignore this error by setting cucumberOpts.ignoreUndefinedDefinitions as true.
                	at Feature(/Users/tatsianaklimovich/Documents/my-first-cucmber-project/features/status_codes.feature):1:1
                	at Scenario(User can check status code page 200):6:1
                	at Step(I see the status code text with 200):9:5
                </stack-trace>
            </failure>
        </test-case>
        <test-case start='1668463993028' status='passed' stop='1668463993029'>
            <name></name>
            <title></title>
            <labels>
                <label name='language' value='javascript'/>
                <label name='framework' value='wdio'/>
                <label name='thread' value='0-0'/>
            </labels>
            <parameters>
                <parameter kind='argument' name='browser' value='chrome-107.0.5304.110'/>
            </parameters>
            <steps/>
            <attachments/>
        </test-case>
    </test-cases>
</ns2:test-suite>