<?xml version='1.0'?>
<ns2:test-suite xmlns:ns2='urn:model.allure.qatools.yandex.ru' start='1668463300733' stop='1668463300741'>
    <name>Status codes page: User can check status code page 200</name>
    <title>Status codes page: User can check status code page 200</title>
    <test-cases>
        <test-case start='1668463300734' status='passed' stop='1668463300736'>
            <name></name>
            <title></title>
            <labels>
                <label name='language' value='javascript'/>
                <label name='framework' value='wdio'/>
                <label name='thread' value='0-1'/>
            </labels>
            <parameters>
                <parameter kind='argument' name='browser' value='chrome-107.0.5304.110'/>
            </parameters>
            <steps/>
            <attachments/>
        </test-case>
        <test-case start='1668463300736' status='broken' stop='1668463300738'>
            <name>Given I am on the on the "status_codes" page</name>
            <title>Given I am on the on the "status_codes" page</title>
            <labels>
                <label name='language' value='javascript'/>
                <label name='framework' value='wdio'/>
                <label name='thread' value='0-1'/>
            </labels>
            <parameters>
                <parameter kind='argument' name='browser' value='chrome-107.0.5304.110'/>
            </parameters>
            <steps/>
            <attachments/>
            <failure>
                <message>Step "I am on the on the "status_codes" page" is not defined. You can ignore this error by setting cucumberOpts.ignoreUndefinedDefinitions as true.</message>
                <stack-trace>Step "I am on the on the "status_codes" page" is not defined. You can ignore this error by setting cucumberOpts.ignoreUndefinedDefinitions as true.
                	at Feature(/Users/tatsianaklimovich/Documents/my-first-cucmber-project/features/status_codes.feature):1:1
                	at Scenario(User can check status code page 200):6:1
                	at Step(I am on the on the "status_codes" page):7:5
                </stack-trace>
            </failure>
        </test-case>
        <test-case start='1668463300739' status='broken' stop='1668463300739'>
            <name>When I click on the Status code 200</name>
            <title>When I click on the Status code 200</title>
            <labels>
                <label name='language' value='javascript'/>
                <label name='framework' value='wdio'/>
                <label name='thread' value='0-1'/>
            </labels>
            <parameters>
                <parameter kind='argument' name='browser' value='chrome-107.0.5304.110'/>
            </parameters>
            <steps/>
            <attachments/>
            <failure>
                <message>Step "I click on the Status code 200" is not defined. You can ignore this error by setting cucumberOpts.ignoreUndefinedDefinitions as true.</message>
                <stack-trace>Step "I click on the Status code 200" is not defined. You can ignore this error by setting cucumberOpts.ignoreUndefinedDefinitions as true.
                	at Feature(/Users/tatsianaklimovich/Documents/my-first-cucmber-project/features/status_codes.feature):1:1
                	at Scenario(User can check status code page 200):6:1
                	at Step(I click on the Status code 200):8:5
                </stack-trace>
            </failure>
        </test-case>
        <test-case start='1668463300739' status='broken' stop='1668463300739'>
            <name>Then I see the status code text with 200</name>
            <title>Then I see the status code text with 200</title>
            <labels>
                <label name='language' value='javascript'/>
                <label name='framework' value='wdio'/>
                <label name='thread' value='0-1'/>
            </labels>
            <parameters>
                <parameter kind='argument' name='browser' value='chrome-107.0.5304.110'/>
            </parameters>
            <steps/>
            <attachments/>
            <failure>
                <message>Step "I see the status code text with 200" is not defined. You can ignore this error by setting cucumberOpts.ignoreUndefinedDefinitions as true.</message>
                <stack-trace>Step "I see the status code text with 200" is not defined. You can ignore this error by setting cucumberOpts.ignoreUndefinedDefinitions as true.
                	at Feature(/Users/tatsianaklimovich/Documents/my-first-cucmber-project/features/status_codes.feature):1:1
                	at Scenario(User can check status code page 200):6:1
                	at Step(I see the status code text with 200):9:5
                </stack-trace>
            </failure>
        </test-case>
        <test-case start='1668463300740' status='passed' stop='1668463300741'>
            <name></name>
            <title></title>
            <labels>
                <label name='language' value='javascript'/>
                <label name='framework' value='wdio'/>
                <label name='thread' value='0-1'/>
            </labels>
            <parameters>
                <parameter kind='argument' name='browser' value='chrome-107.0.5304.110'/>
            </parameters>
            <steps/>
            <attachments/>
        </test-case>
    </test-cases>
</ns2:test-suite>