<?xml version='1.0'?>
<ns2:test-suite xmlns:ns2='urn:model.allure.qatools.yandex.ru' start='1668465097825' stop='1668465099727'>
    <name>Status codes page: User can check status code page 500</name>
    <title>Status codes page: User can check status code page 500</title>
    <test-cases>
        <test-case start='1668465097826' status='passed' stop='1668465097827'>
            <name></name>
            <title></title>
            <labels>
                <label name='language' value='javascript'/>
                <label name='framework' value='wdio'/>
                <label name='thread' value='0-0'/>
            </labels>
            <parameters>
                <parameter kind='argument' name='browser' value='chrome-107.0.5304.110'/>
            </parameters>
            <steps/>
            <attachments/>
        </test-case>
        <test-case start='1668465097827' status='passed' stop='1668465099725'>
            <name>Given I am on the "status_codes" page</name>
            <title>Given I am on the "status_codes" page</title>
            <labels>
                <label name='language' value='javascript'/>
                <label name='framework' value='wdio'/>
                <label name='thread' value='0-0'/>
            </labels>
            <parameters>
                <parameter kind='argument' name='browser' value='chrome-107.0.5304.110'/>
            </parameters>
            <steps>
                <step start='1668465097830' status='passed' stop='1668465099724'>
                    <name>POST /session/:sessionId/url</name>
                    <title>POST /session/:sessionId/url</title>
                    <attachments>
                        <attachment title='Request' source='ecbc992e-8861-4ea4-962b-474c8d43836e-attachment.json' type='application/json' size='62'/>
                    </attachments>
                    <steps/>
                </step>
            </steps>
            <attachments/>
        </test-case>
        <test-case start='1668465099725' status='broken' stop='1668465099726'>
            <name>When I click on the Status code 500</name>
            <title>When I click on the Status code 500</title>
            <labels>
                <label name='language' value='javascript'/>
                <label name='framework' value='wdio'/>
                <label name='thread' value='0-0'/>
            </labels>
            <parameters>
                <parameter kind='argument' name='browser' value='chrome-107.0.5304.110'/>
            </parameters>
            <steps/>
            <attachments/>
            <failure>
                <message>Step "I click on the Status code 500" is not defined. You can ignore this error by setting cucumberOpts.ignoreUndefinedDefinitions as true.</message>
                <stack-trace>Step "I click on the Status code 500" is not defined. You can ignore this error by setting cucumberOpts.ignoreUndefinedDefinitions as true.
                	at Feature(/Users/tatsianaklimovich/Documents/my-first-cucmber-project/features/status_codes.feature):1:1
                	at Scenario(User can check status code page 500):12:1
                	at Step(I click on the Status code 500):14:5
                </stack-trace>
            </failure>
        </test-case>
        <test-case start='1668465099726' status='broken' stop='1668465099726'>
            <name>Then I see the status code text with 500</name>
            <title>Then I see the status code text with 500</title>
            <labels>
                <label name='language' value='javascript'/>
                <label name='framework' value='wdio'/>
                <label name='thread' value='0-0'/>
            </labels>
            <parameters>
                <parameter kind='argument' name='browser' value='chrome-107.0.5304.110'/>
            </parameters>
            <steps/>
            <attachments/>
            <failure>
                <message>Step "I see the status code text with 500" is not defined. You can ignore this error by setting cucumberOpts.ignoreUndefinedDefinitions as true.</message>
                <stack-trace>Step "I see the status code text with 500" is not defined. You can ignore this error by setting cucumberOpts.ignoreUndefinedDefinitions as true.
                	at Feature(/Users/tatsianaklimovich/Documents/my-first-cucmber-project/features/status_codes.feature):1:1
                	at Scenario(User can check status code page 500):12:1
                	at Step(I see the status code text with 500):15:5
                </stack-trace>
            </failure>
        </test-case>
        <test-case start='1668465099726' status='passed' stop='1668465099726'>
            <name></name>
            <title></title>
            <labels>
                <label name='language' value='javascript'/>
                <label name='framework' value='wdio'/>
                <label name='thread' value='0-0'/>
            </labels>
            <parameters>
                <parameter kind='argument' name='browser' value='chrome-107.0.5304.110'/>
            </parameters>
            <steps/>
            <attachments/>
        </test-case>
    </test-cases>
</ns2:test-suite>